2026-01-31 19:59:33,459 - server - INFO - Alert ALERT-5C211859 acknowledged by TEST_BOT_01
2026-01-31 19:59:35,485 - server - INFO - Alert ALERT-5C211859 resolved by TEST_BOT_01
2026-01-31 20:02:53,222 - server - INFO - Alert ALERT-6CFF1C19 acknowledged by QA_BOT_007
2026-01-31 20:02:55,256 - server - INFO - Alert ALERT-6CFF1C19 resolved by QA_BOT_007
2026-01-31 20:03:31,921 - server - INFO - Alert ALERT-11972942 acknowledged by QA_BOT_007
2026-01-31 20:03:33,946 - server - INFO - Alert ALERT-11972942 resolved by QA_BOT_007
2026-01-31 20:04:00,034 - server - INFO - Alert ALERT-9CF1DFDD acknowledged by QA_BOT_007
2026-01-31 20:04:02,081 - server - INFO - Alert ALERT-9CF1DFDD resolved by QA_BOT_007
2026-01-31 20:04:46,627 - server - INFO - Alert ALERT-FA14D8FB acknowledged by QA_BOT_007
2026-01-31 20:04:48,650 - server - INFO - Alert ALERT-FA14D8FB resolved by QA_BOT_007
2026-01-31 20:06:00,955 - server - INFO - Alert ALERT-02BE1675 acknowledged by QA_BOT_007
2026-01-31 20:06:03,003 - server - INFO - Alert ALERT-02BE1675 resolved by QA_BOT_007
2026-01-31 20:06:29,658 - server - INFO - Alert ALERT-959B7AD7 acknowledged by QA_BOT_007
2026-01-31 20:06:31,700 - server - INFO - Alert ALERT-959B7AD7 resolved by QA_BOT_007
2026-01-31 20:07:53,215 - server - INFO - Alert ALERT-DED171CA acknowledged by QA_BOT_007
2026-01-31 20:07:55,264 - server - INFO - Alert ALERT-DED171CA resolved by QA_BOT_007
2026-01-31 22:53:12,935 - server - ERROR - Error getting sensor data: 'IsolationForest' object has no attribute 'offset_'
2026-01-31 22:53:37,715 - server - ERROR - Error getting sensor data: 'IsolationForest' object has no attribute 'offset_'
2026-01-31 22:53:41,430 - server - ERROR - Error getting sensor data: 'IsolationForest' object has no attribute 'offset_'
2026-01-31 22:53:45,712 - server - ERROR - Error getting sensor data: 'IsolationForest' object has no attribute 'offset_'
2026-01-31 22:53:47,735 - server - ERROR - Error getting sensor data: 'IsolationForest' object has no attribute 'offset_'
2026-01-31 22:53:51,725 - server - ERROR - Error getting sensor data: 'IsolationForest' object has no attribute 'offset_'
2026-01-31 22:53:55,711 - server - ERROR - Error getting sensor data: 'IsolationForest' object has no attribute 'offset_'
2026-01-31 22:53:58,599 - server - ERROR - Error getting machines: 'IsolationForest' object has no attribute 'offset_'
2026-01-31 22:54:01,702 - server - ERROR - Error getting sensor data: 'IsolationForest' object has no attribute 'offset_'
2026-01-31 22:54:05,706 - server - ERROR - Error getting sensor data: 'IsolationForest' object has no attribute 'offset_'
2026-01-31 23:10:50,705 - server - ERROR - Error getting sensor data: 'IsolationForest' object has no attribute 'offset_'
2026-01-31 23:10:52,702 - server - ERROR - Error getting sensor data: 'IsolationForest' object has no attribute 'offset_'
2026-01-31 23:11:31,703 - server - ERROR - Error getting sensor data: 'float' object has no attribute 'astype'
2026-01-31 23:11:33,703 - server - ERROR - Error getting sensor data: 'IsolationForest' object has no attribute 'offset_'
2026-01-31 23:13:10,696 - server - ERROR - Error getting sensor data: 'IsolationForest' object has no attribute 'offset_'
2026-01-31 23:18:46,693 - server - ERROR - Error getting sensor data: 'IsolationForest' object has no attribute 'offset_'
2026-01-31 23:18:48,690 - server - ERROR - Error getting sensor data: 'IsolationForest' object has no attribute 'offset_'
2026-01-31 23:18:50,691 - server - ERROR - Error getting sensor data: 'IsolationForest' object has no attribute 'offset_'
2026-01-31 23:18:52,687 - server - ERROR - Error getting sensor data: 'IsolationForest' object has no attribute 'offset_'
2026-01-31 23:18:54,691 - server - ERROR - Error getting sensor data: 'IsolationForest' object has no attribute 'offset_'
2026-01-31 23:18:56,714 - server - ERROR - Error getting sensor data: 'IsolationForest' object has no attribute 'offset_'
2026-01-31 23:18:58,687 - server - ERROR - Error getting sensor data: 'IsolationForest' object has no attribute 'offset_'
2026-01-31 23:19:00,726 - server - ERROR - Error getting sensor data: 'IsolationForest' object has no attribute 'offset_'
2026-01-31 23:19:02,701 - server - ERROR - Error getting sensor data: 'IsolationForest' object has no attribute 'offset_'
2026-01-31 23:19:04,710 - server - ERROR - Error getting sensor data: 'IsolationForest' object has no attribute 'offset_'
2026-01-31 23:19:06,733 - server - ERROR - Error getting sensor data: 'IsolationForest' object has no attribute 'offset_'
2026-01-31 23:19:08,722 - server - ERROR - Error getting sensor data: 'IsolationForest' object has no attribute 'offset_'
2026-01-31 23:19:10,734 - server - ERROR - Error getting sensor data: 'IsolationForest' object has no attribute 'offset_'
2026-01-31 23:19:12,718 - server - ERROR - Error getting sensor data: 'IsolationForest' object has no attribute 'offset_'
2026-01-31 23:19:14,693 - server - ERROR - Error getting sensor data: 'IsolationForest' object has no attribute 'offset_'
2026-01-31 23:19:16,724 - server - ERROR - Error getting sensor data: 'IsolationForest' object has no attribute 'offset_'
2026-01-31 23:19:18,719 - server - ERROR - Error getting sensor data: 'IsolationForest' object has no attribute 'offset_'
2026-01-31 23:19:28,741 - server - ERROR - Error getting sensor data: 'IsolationForest' object has no attribute 'offset_'
2026-01-31 23:20:17,764 - server - ERROR - Error getting sensor data: 'IsolationForest' object has no attribute 'offset_'
2026-01-31 23:20:19,767 - server - ERROR - Error getting sensor data: 'IsolationForest' object has no attribute 'offset_'
2026-01-31 23:20:21,733 - server - ERROR - Error getting sensor data: 'IsolationForest' object has no attribute 'offset_'
2026-01-31 23:20:23,800 - server - ERROR - Error getting sensor data: 'IsolationForest' object has no attribute 'offset_'
2026-01-31 23:20:25,764 - server - ERROR - Error getting sensor data: 'IsolationForest' object has no attribute 'offset_'
2026-01-31 23:20:27,752 - server - ERROR - Error getting sensor data: 'IsolationForest' object has no attribute 'offset_'
2026-01-31 23:20:30,765 - server - ERROR - Error getting sensor data: 'IsolationForest' object has no attribute 'offset_'
2026-01-31 23:20:32,714 - server - ERROR - Error getting sensor data: 'IsolationForest' object has no attribute 'offset_'
2026-01-31 23:20:34,717 - server - ERROR - Error getting sensor data: 'IsolationForest' object has no attribute 'offset_'
2026-01-31 23:20:36,786 - server - ERROR - Error getting sensor data: 'IsolationForest' object has no attribute 'offset_'
2026-01-31 23:20:38,724 - server - ERROR - Error getting sensor data: 'IsolationForest' object has no attribute 'offset_'
2026-01-31 23:20:40,714 - server - ERROR - Error getting sensor data: 'IsolationForest' object has no attribute 'offset_'
2026-01-31 23:20:42,700 - server - ERROR - Error getting sensor data: 'IsolationForest' object has no attribute 'offset_'
2026-01-31 23:20:44,703 - server - ERROR - Error getting sensor data: 'IsolationForest' object has no attribute 'offset_'
2026-01-31 23:20:46,715 - server - ERROR - Error getting sensor data: 'IsolationForest' object has no attribute 'offset_'
2026-01-31 23:20:48,681 - server - ERROR - Error getting sensor data: 'IsolationForest' object has no attribute 'offset_'
2026-01-31 23:20:50,695 - server - ERROR - Error getting sensor data: 'IsolationForest' object has no attribute 'offset_'
2026-01-31 23:20:52,689 - server - ERROR - Error getting sensor data: 'IsolationForest' object has no attribute 'offset_'
2026-01-31 23:20:54,774 - server - ERROR - Error getting sensor data: 'IsolationForest' object has no attribute 'offset_'
2026-01-31 23:20:56,688 - server - ERROR - Error getting sensor data: 'IsolationForest' object has no attribute 'offset_'
2026-01-31 23:20:58,689 - server - ERROR - Error getting sensor data: 'IsolationForest' object has no attribute 'offset_'
2026-01-31 23:21:00,698 - server - ERROR - Error getting sensor data: 'IsolationForest' object has no attribute 'offset_'
2026-01-31 23:21:02,776 - server - ERROR - Error getting sensor data: 'IsolationForest' object has no attribute 'offset_'
2026-01-31 23:21:04,780 - server - ERROR - Error getting sensor data: 'IsolationForest' object has no attribute 'offset_'
2026-01-31 23:21:06,684 - server - ERROR - Error getting sensor data: 'IsolationForest' object has no attribute 'offset_'
2026-01-31 23:21:08,766 - server - ERROR - Error getting sensor data: 'IsolationForest' object has no attribute 'offset_'
2026-01-31 23:21:10,704 - server - ERROR - Error getting sensor data: 'IsolationForest' object has no attribute 'offset_'
2026-01-31 23:21:13,776 - server - ERROR - Error getting sensor data: 'IsolationForest' object has no attribute 'offset_'
2026-01-31 23:21:15,776 - server - ERROR - Error getting sensor data: 'IsolationForest' object has no attribute 'offset_'
2026-01-31 23:21:17,773 - server - ERROR - Error getting sensor data: 'IsolationForest' object has no attribute 'offset_'
2026-01-31 23:25:01,031 - server - ERROR - Error getting sensor data: 'IsolationForest' object has no attribute 'offset_'
2026-01-31 23:45:42,712 - server - ERROR - Error getting sensor data: 'IsolationForest' object has no attribute 'offset_'
2026-01-31 23:57:56,104 - server - ERROR - Error getting sensor data: 'float' object has no attribute 'astype'
2026-01-31 23:58:02,307 - server - ERROR - Error getting machines: 'IsolationForest' object has no attribute 'offset_'
2026-01-31 23:58:15,787 - server - ERROR - Error getting machines: 'IsolationForest' object has no attribute 'offset_'
2026-01-31 23:59:18,710 - server - ERROR - Error getting sensor data: 'IsolationForest' object has no attribute 'offset_'
2026-01-31 23:59:20,711 - server - ERROR - Error getting sensor data: 'IsolationForest' object has no attribute 'offset_'
2026-01-31 23:59:22,699 - server - ERROR - Error getting sensor data: 'IsolationForest' object has no attribute 'offset_'
2026-01-31 23:59:26,713 - server - ERROR - Error getting sensor data: 'IsolationForest' object has no attribute 'offset_'
2026-01-31 23:59:28,708 - server - ERROR - Error getting sensor data: 'float' object has no attribute 'astype'
2026-01-31 23:59:42,702 - server - ERROR - Error getting sensor data: 'IsolationForest' object has no attribute 'offset_'
2026-01-31 23:59:44,705 - server - ERROR - Error getting sensor data: 'float' object has no attribute 'astype'
2026-01-31 23:59:46,705 - server - ERROR - Error getting sensor data: 'IsolationForest' object has no attribute 'offset_'
2026-01-31 23:59:48,688 - server - ERROR - Error getting sensor data: 'IsolationForest' object has no attribute 'offset_'
2026-01-31 23:59:50,686 - server - ERROR - Error getting sensor data: 'float' object has no attribute 'astype'
2026-01-31 23:59:52,681 - server - ERROR - Error getting sensor data: 'float' object has no attribute 'astype'
2026-02-01 00:00:06,701 - server - ERROR - Error getting sensor data: 'IsolationForest' object has no attribute 'offset_'
2026-02-01 00:00:08,687 - server - ERROR - Error getting sensor data: 'IsolationForest' object has no attribute 'offset_'
2026-02-01 00:02:31,554 - server - ERROR - Error getting sensor data: 'IsolationForest' object has no attribute 'offset_'
2026-02-01 00:02:33,649 - server - ERROR - Error getting machines: 'IsolationForest' object has no attribute 'offset_'
2026-02-01 00:02:35,649 - server - ERROR - Error getting machines: 'IsolationForest' object has no attribute 'offset_'
2026-02-01 00:04:28,635 - server - ERROR - Error getting sensor data: 'IsolationForest' object has no attribute 'offset_'
2026-02-01 00:05:28,647 - server - ERROR - Error getting sensor data: 'IsolationForest' object has no attribute 'offset_'
2026-02-01 00:06:28,643 - server - ERROR - Error getting sensor data: 'IsolationForest' object has no attribute 'offset_'
2026-02-01 00:07:28,634 - server - ERROR - Error getting sensor data: 'IsolationForest' object has no attribute 'offset_'
2026-02-01 00:09:28,646 - server - ERROR - Error getting sensor data: 'IsolationForest' object has no attribute 'offset_'
2026-02-01 00:11:28,643 - server - ERROR - Error getting sensor data: 'IsolationForest' object has no attribute 'offset_'
2026-02-01 00:11:52,662 - server - ERROR - Error getting sensor data: 'IsolationForest' object has no attribute 'offset_'
2026-02-01 00:11:56,682 - server - ERROR - Error getting machines: 'IsolationForest' object has no attribute 'offset_'
2026-02-01 00:38:37,085 - server - ERROR - Error getting machines: 'IsolationForest' object has no attribute 'offset_'
2026-02-01 01:05:13,496 - server - ERROR - Error getting machines: 'float' object has no attribute 'astype'
2026-02-01 01:05:28,482 - server - ERROR - Error getting sensor data: 'float' object has no attribute 'astype'
2026-02-01 01:05:43,493 - server - ERROR - Error getting machines: 'StandardScaler' object has no attribute 'scale_'
2026-02-01 01:30:13,588 - server - INFO - Alert ALERT-22D44C38 acknowledged by rfdr
2026-02-01 01:30:18,226 - server - INFO - Alert ALERT-22D44C38 resolved by System
2026-02-01 01:31:25,612 - server - ERROR - Error getting sensor data: 'IsolationForest' object has no attribute 'offset_'
2026-02-01 01:41:32,136 - server - ERROR - Error getting machines: 'IsolationForest' object has no attribute 'offset_'
2026-02-01 01:41:40,890 - server - ERROR - Error getting machines: 'IsolationForest' object has no attribute 'offset_'
2026-02-01 01:41:41,939 - server - ERROR - Error getting sensor data: 'IsolationForest' object has no attribute 'offset_'
2026-02-01 01:41:49,935 - server - ERROR - Error getting sensor data: 'float' object has no attribute 'astype'
2026-02-01 01:41:55,944 - server - ERROR - Error getting sensor data: 'float' object has no attribute 'astype'
2026-02-01 01:41:57,938 - server - ERROR - Error getting sensor data: 'IsolationForest' object has no attribute 'offset_'
2026-02-01 01:42:03,939 - server - ERROR - Error getting sensor data: 'float' object has no attribute 'astype'
2026-02-01 01:42:07,949 - server - ERROR - Error getting sensor data: 'IsolationForest' object has no attribute 'offset_'
2026-02-01 01:42:09,940 - server - ERROR - Error getting sensor data: 'IsolationForest' object has no attribute 'offset_'
2026-02-01 01:42:11,959 - server - ERROR - Error getting sensor data: 'IsolationForest' object has no attribute 'offset_'
2026-02-01 01:48:41,768 - server - ERROR - Error getting sensor data: 'IsolationForest' object has no attribute 'offset_'
2026-02-01 01:48:47,775 - server - ERROR - Error getting sensor data: 'IsolationForest' object has no attribute 'offset_'
2026-02-01 01:48:49,773 - server - ERROR - Error getting sensor data: 'float' object has no attribute 'astype'
2026-02-01 02:02:03,411 - server - ERROR - Error getting sensor data: 'float' object has no attribute 'astype'
2026-02-01 02:02:13,706 - server - ERROR - Error getting sensor data: 'IsolationForest' object has no attribute 'offset_'
2026-02-01 02:02:15,706 - server - ERROR - Error getting sensor data: 'float' object has no attribute 'astype'
2026-02-01 02:02:23,697 - server - ERROR - Error getting sensor data: 'IsolationForest' object has no attribute 'offset_'
2026-02-01 02:02:25,719 - server - ERROR - Error getting sensor data: 'IsolationForest' object has no attribute 'offset_'
2026-02-01 02:02:31,724 - server - ERROR - Error getting sensor data: 'IsolationForest' object has no attribute 'offset_'
2026-02-01 02:02:39,707 - server - ERROR - Error getting sensor data: 'IsolationForest' object has no attribute 'offset_'
2026-02-01 02:02:47,705 - server - ERROR - Error getting sensor data: 'float' object has no attribute 'astype'
2026-02-01 02:02:51,711 - server - ERROR - Error getting sensor data: 'IsolationForest' object has no attribute 'offset_'
2026-02-01 02:02:57,702 - server - ERROR - Error getting sensor data: 'float' object has no attribute 'astype'
2026-02-01 02:03:01,696 - server - ERROR - Error getting sensor data: 'float' object has no attribute 'astype'
2026-02-01 02:03:03,708 - server - ERROR - Error getting sensor data: 'IsolationForest' object has no attribute 'offset_'
2026-02-01 02:04:43,257 - server - ERROR - Error getting machines: 'IsolationForest' object has no attribute 'offset_'
2026-02-01 02:46:15,896 - server - ERROR - Error getting sensor data: 'float' object has no attribute 'astype'
2026-02-01 03:09:11,026 - server - ERROR - Error getting machines: 'IsolationForest' object has no attribute 'offset_'
2026-02-01 03:09:40,566 - server - ERROR - Error getting machines: 'IsolationForest' object has no attribute 'offset_'
2026-02-01 03:09:51,749 - server - ERROR - Error getting sensor data: 'IsolationForest' object has no attribute 'offset_'
2026-02-01 03:09:54,695 - server - ERROR - Error getting sensor data: 'IsolationForest' object has no attribute 'offset_'
2026-02-01 03:11:00,778 - server - ERROR - Error getting sensor data: 'IsolationForest' object has no attribute 'offset_'
2026-02-01 03:11:01,762 - server - ERROR - Error getting sensor data: 'IsolationForest' object has no attribute 'offset_'
2026-02-01 03:11:05,883 - server - ERROR - Error getting sensor data: 'IsolationForest' object has no attribute 'offset_'
2026-02-01 03:22:21,832 - server - INFO - Started scenario BFP-A1-FAILURE for M-002 at 2.0x speed
2026-02-01 03:22:28,175 - server - ERROR - Error getting machines: 'runtime_hours'
2026-02-01 03:22:41,657 - server - ERROR - Error getting machines: 'runtime_hours'
2026-02-01 03:23:28,174 - server - ERROR - Error getting machines: 'runtime_hours'
2026-02-01 03:24:06,253 - server - INFO - Started scenario BFP-A1-FAILURE for M-002 at 10.0x speed
2026-02-01 03:24:25,856 - server - ERROR - Error getting machines: 'list' object has no attribute 'get'
2026-02-01 03:26:43,459 - server - INFO - Started scenario BFP-A1-FAILURE for M-002 at 5.0x speed
2026-02-01 03:27:07,926 - server - INFO - Stopped scenario for M-002, machine reset to healthy
2026-02-01 03:30:41,824 - server - ERROR - Error getting machines: 'IsolationForest' object has no attribute 'offset_'
2026-02-01 03:30:41,893 - server - ERROR - Error getting sensor data: 'IsolationForest' object has no attribute 'offset_'
2026-02-01 03:36:14,463 - server - ERROR - Error getting machines: 'IsolationForest' object has no attribute 'offset_'
2026-02-01 03:36:16,250 - server - ERROR - Error getting machines: 'IsolationForest' object has no attribute 'offset_'
2026-02-01 03:36:18,098 - server - ERROR - Error getting machines: 'IsolationForest' object has no attribute 'offset_'
2026-02-01 03:36:20,224 - server - ERROR - Error getting machines: 'IsolationForest' object has no attribute 'offset_'
2026-02-01 03:36:22,187 - server - ERROR - Error getting machines: 'IsolationForest' object has no attribute 'offset_'
2026-02-01 03:36:26,281 - server - ERROR - Error getting machines: 'IsolationForest' object has no attribute 'offset_'
2026-02-01 03:36:29,309 - server - ERROR - Error getting sensor data: 'IsolationForest' object has no attribute 'offset_'
2026-02-01 03:36:31,550 - server - ERROR - Error getting sensor data: 'IsolationForest' object has no attribute 'offset_'
2026-02-01 03:36:33,559 - server - ERROR - Error getting sensor data: 'IsolationForest' object has no attribute 'offset_'
2026-02-01 03:36:35,592 - server - ERROR - Error getting sensor data: 'IsolationForest' object has no attribute 'offset_'
2026-02-01 03:36:37,685 - server - ERROR - Error getting sensor data: 'IsolationForest' object has no attribute 'offset_'
2026-02-01 03:36:39,636 - server - ERROR - Error getting sensor data: 'IsolationForest' object has no attribute 'offset_'
2026-02-01 03:59:53,414 - server - ERROR - Error getting machines: 'IsolationForest' object has no attribute 'offset_'
2026-02-01 04:00:10,985 - server - ERROR - Error getting machines: 'IsolationForest' object has no attribute 'offset_'
2026-02-01 04:00:13,135 - server - ERROR - Error getting sensor data: 'IsolationForest' object has no attribute 'offset_'
2026-02-01 04:01:19,206 - server - ERROR - Error getting sensor data: 'IsolationForest' object has no attribute 'offset_'
2026-02-01 04:01:21,285 - server - ERROR - Error getting sensor data: 'IsolationForest' object has no attribute 'offset_'
2026-02-01 04:01:23,208 - server - ERROR - Error getting sensor data: 'IsolationForest' object has no attribute 'offset_'
2026-02-01 04:01:30,527 - server - ERROR - Error getting sensor data: 'IsolationForest' object has no attribute 'offset_'
2026-02-01 04:01:50,470 - server - ERROR - Error getting sensor data: 'IsolationForest' object has no attribute 'offset_'
2026-02-01 04:01:55,040 - server - ERROR - Error getting sensor data: 'IsolationForest' object has no attribute 'offset_'
2026-02-01 04:01:57,071 - server - ERROR - Error getting sensor data: 'IsolationForest' object has no attribute 'offset_'
2026-02-01 04:02:05,076 - server - ERROR - Error getting sensor data: 'IsolationForest' object has no attribute 'offset_'
2026-02-01 04:02:07,158 - server - ERROR - Error getting sensor data: 'IsolationForest' object has no attribute 'offset_'
2026-02-01 04:02:45,156 - server - ERROR - Error getting machines: 'IsolationForest' object has no attribute 'offset_'
2026-02-01 04:02:46,405 - server - ERROR - Error getting sensor data: 'IsolationForest' object has no attribute 'offset_'
2026-02-01 04:02:57,038 - server - ERROR - Error getting sensor data: 'IsolationForest' object has no attribute 'offset_'
2026-02-01 04:02:59,074 - server - ERROR - Error getting sensor data: 'IsolationForest' object has no attribute 'offset_'
2026-02-01 04:03:11,119 - server - ERROR - Error getting sensor data: 'IsolationForest' object has no attribute 'offset_'
2026-02-01 04:03:25,133 - server - ERROR - Error getting sensor data: 'IsolationForest' object has no attribute 'offset_'
2026-02-01 04:03:35,055 - server - ERROR - Error getting sensor data: 'IsolationForest' object has no attribute 'offset_'
2026-02-01 04:03:46,761 - server - ERROR - Error getting sensor data: 'IsolationForest' object has no attribute 'offset_'
2026-02-01 04:03:54,547 - server - ERROR - Error getting machines: 'IsolationForest' object has no attribute 'offset_'
2026-02-01 04:04:55,174 - server - ERROR - Error getting sensor data: 'IsolationForest' object has no attribute 'offset_'
2026-02-01 04:05:01,246 - server - ERROR - Error getting sensor data: 'IsolationForest' object has no attribute 'offset_'
2026-02-01 04:05:03,156 - server - ERROR - Error getting sensor data: 'IsolationForest' object has no attribute 'offset_'
2026-02-01 04:05:05,262 - server - ERROR - Error getting sensor data: 'IsolationForest' object has no attribute 'offset_'
2026-02-01 04:05:07,149 - server - ERROR - Error getting sensor data: 'IsolationForest' object has no attribute 'offset_'
2026-02-01 04:05:26,777 - server - ERROR - Error getting sensor data: 'IsolationForest' object has no attribute 'offset_'
2026-02-01 04:05:36,563 - server - ERROR - Error getting machines: 'IsolationForest' object has no attribute 'offset_'
2026-02-01 04:05:58,639 - server - ERROR - Error getting machines: 'IsolationForest' object has no attribute '_decision_path_lengths'
2026-02-01 04:06:13,707 - server - ERROR - Error getting sensor data: 'IsolationForest' object has no attribute 'offset_'
2026-02-01 04:46:24,660 - server - ERROR - Error getting machines: 'IsolationForest' object has no attribute 'offset_'
2026-02-01 04:46:26,666 - server - ERROR - Error getting machines: 'IsolationForest' object has no attribute 'offset_'
2026-02-01 04:46:30,651 - server - ERROR - Error getting machines: 'IsolationForest' object has no attribute 'offset_'
2026-02-01 04:46:34,673 - server - ERROR - Error getting machines: 'IsolationForest' object has no attribute 'offset_'
2026-02-01 04:46:36,644 - server - ERROR - Error getting machines: 'IsolationForest' object has no attribute 'offset_'
2026-02-01 04:47:30,708 - server - ERROR - Error getting machines: 'IsolationForest' object has no attribute 'offset_'
2026-02-01 04:47:35,754 - server - ERROR - Error getting machines: 'IsolationForest' object has no attribute 'offset_'
2026-02-01 04:48:29,648 - server - ERROR - Error getting machines: 'IsolationForest' object has no attribute 'offset_'
2026-02-01 04:49:42,860 - server - ERROR - Error getting sensor data: 'IsolationForest' object has no attribute 'offset_'
2026-02-01 04:56:47,429 - server - ERROR - Error getting sensor data: 'IsolationForest' object has no attribute 'offset_'
2026-02-01 04:56:51,439 - server - ERROR - Error getting sensor data: 'IsolationForest' object has no attribute 'offset_'
2026-02-01 04:56:57,761 - server - ERROR - Error getting sensor data: 'IsolationForest' object has no attribute 'offset_'
2026-02-01 04:56:59,832 - server - ERROR - Error getting sensor data: 'IsolationForest' object has no attribute 'offset_'
2026-02-01 04:57:01,751 - server - ERROR - Error getting sensor data: 'IsolationForest' object has no attribute 'offset_'
2026-02-01 04:57:07,739 - server - ERROR - Error getting sensor data: 'IsolationForest' object has no attribute 'offset_'
2026-02-01 04:57:11,753 - server - ERROR - Error getting sensor data: 'IsolationForest' object has no attribute 'offset_'
2026-02-01 04:57:19,762 - server - ERROR - Error getting sensor data: 'IsolationForest' object has no attribute 'offset_'
2026-02-01 04:57:31,864 - server - ERROR - Error getting sensor data: 'IsolationForest' object has no attribute 'offset_'
2026-02-01 04:57:33,761 - server - ERROR - Error getting sensor data: 'IsolationForest' object has no attribute 'offset_'
2026-02-01 04:57:37,790 - server - ERROR - Error getting sensor data: 'IsolationForest' object has no attribute 'offset_'
2026-02-01 04:57:41,765 - server - ERROR - Error getting sensor data: 'IsolationForest' object has no attribute 'offset_'
2026-02-01 04:57:47,833 - server - ERROR - Error getting sensor data: 'IsolationForest' object has no attribute 'offset_'
2026-02-01 04:57:53,816 - server - ERROR - Error getting sensor data: 'IsolationForest' object has no attribute 'offset_'
2026-02-01 04:58:04,560 - server - ERROR - Error getting machines: 'IsolationForest' object has no attribute 'offset_'
2026-02-01 04:58:15,920 - server - ERROR - Error getting machines: 'IsolationForest' object has no attribute 'offset_'
2026-02-01 04:58:17,921 - server - ERROR - Error getting machines: 'IsolationForest' object has no attribute 'offset_'
2026-02-01 04:58:19,857 - server - ERROR - Error getting machines: 'IsolationForest' object has no attribute 'offset_'
2026-02-01 04:58:21,908 - server - ERROR - Error getting machines: 'IsolationForest' object has no attribute 'offset_'
2026-02-01 04:58:23,918 - server - ERROR - Error getting machines: 'IsolationForest' object has no attribute 'offset_'
2026-02-01 04:58:25,942 - server - ERROR - Error getting machines: 'IsolationForest' object has no attribute 'offset_'
2026-02-01 04:59:04,997 - server - ERROR - Error getting sensor data: 'IsolationForest' object has no attribute 'offset_'
2026-02-01 04:59:26,665 - server - ERROR - Error getting machines: 'IsolationForest' object has no attribute 'offset_'
2026-02-01 04:59:36,651 - server - ERROR - Error getting machines: 'IsolationForest' object has no attribute 'offset_'
2026-02-01 04:59:42,721 - server - ERROR - Error getting machines: 'IsolationForest' object has no attribute 'offset_'
2026-02-01 04:59:44,769 - server - ERROR - Error getting machines: 'IsolationForest' object has no attribute 'offset_'
2026-02-01 04:59:48,670 - server - ERROR - Error getting machines: 'IsolationForest' object has no attribute 'offset_'
2026-02-01 04:59:53,812 - server - ERROR - Error getting machines: 'IsolationForest' object has no attribute 'offset_'
2026-02-01 04:59:55,883 - server - ERROR - Error getting machines: 'IsolationForest' object has no attribute 'offset_'
2026-02-01 04:59:57,819 - server - ERROR - Error getting machines: 'IsolationForest' object has no attribute 'offset_'
2026-02-01 05:02:16,892 - server - ERROR - Error getting machines: 'IsolationForest' object has no attribute 'offset_'
2026-02-01 05:02:20,902 - server - ERROR - Error getting machines: 'IsolationForest' object has no attribute 'offset_'
2026-02-01 05:02:23,836 - server - ERROR - Error getting machines: 'IsolationForest' object has no attribute 'offset_'
2026-02-01 05:02:25,837 - server - ERROR - Error getting machines: 'IsolationForest' object has no attribute 'offset_'
2026-02-01 05:02:29,819 - server - ERROR - Error getting machines: 'IsolationForest' object has no attribute 'offset_'
2026-02-01 05:02:31,816 - server - ERROR - Error getting machines: 'IsolationForest' object has no attribute 'offset_'
2026-02-01 05:02:33,811 - server - ERROR - Error getting machines: 'IsolationForest' object has no attribute 'offset_'
2026-02-01 05:02:35,869 - server - ERROR - Error getting sensor data: 'IsolationForest' object has no attribute 'offset_'
2026-02-01 05:02:37,827 - server - ERROR - Error getting machines: 'IsolationForest' object has no attribute 'offset_'
2026-02-01 05:02:41,852 - server - ERROR - Error getting sensor data: 'IsolationForest' object has no attribute 'offset_'
2026-02-01 05:02:45,888 - server - ERROR - Error getting sensor data: 'IsolationForest' object has no attribute 'offset_'
2026-02-01 05:02:55,831 - server - ERROR - Error getting machines: 'IsolationForest' object has no attribute 'offset_'
2026-02-01 05:03:06,408 - server - ERROR - Error getting sensor data: 'IsolationForest' object has no attribute 'offset_'
2026-02-01 05:03:16,404 - server - ERROR - Error getting sensor data: 'IsolationForest' object has no attribute 'offset_'
2026-02-01 05:03:40,417 - server - ERROR - Error getting sensor data: 'IsolationForest' object has no attribute 'offset_'
2026-02-01 05:03:50,428 - server - ERROR - Error getting sensor data: 'IsolationForest' object has no attribute 'offset_'
2026-02-01 05:12:28,969 - server - ERROR - Error getting machines: 'IsolationForest' object has no attribute 'offset_'
2026-02-01 05:12:57,900 - server - ERROR - Error getting sensor data: 'IsolationForest' object has no attribute 'offset_'
2026-02-01 05:12:59,891 - server - ERROR - Error getting sensor data: 'IsolationForest' object has no attribute 'offset_'
2026-02-01 05:13:01,910 - server - ERROR - Error getting sensor data: 'IsolationForest' object has no attribute 'offset_'
2026-02-01 05:13:23,661 - server - ERROR - Error getting sensor data: 'IsolationForest' object has no attribute 'offset_'
2026-02-01 05:14:02,323 - server - ERROR - Error getting sensor data: 'IsolationForest' object has no attribute 'offset_'
2026-02-01 05:14:14,305 - server - ERROR - Error getting sensor data: 'IsolationForest' object has no attribute 'offset_'
2026-02-01 05:14:16,299 - server - ERROR - Error getting sensor data: 'IsolationForest' object has no attribute 'offset_'
2026-02-01 05:14:18,380 - server - ERROR - Error getting sensor data: 'IsolationForest' object has no attribute 'offset_'
2026-02-01 05:14:20,317 - server - ERROR - Error getting sensor data: 'IsolationForest' object has no attribute 'offset_'
2026-02-01 05:14:30,908 - server - ERROR - Error getting sensor data: 'IsolationForest' object has no attribute 'offset_'
2026-02-01 05:14:32,960 - server - ERROR - Error getting sensor data: 'IsolationForest' object has no attribute 'offset_'
2026-02-01 05:14:46,988 - server - ERROR - Error getting sensor data: 'IsolationForest' object has no attribute 'offset_'
2026-02-01 05:15:14,967 - server - ERROR - Error getting sensor data: 'IsolationForest' object has no attribute 'offset_'
2026-02-01 05:15:16,965 - server - ERROR - Error getting sensor data: 'IsolationForest' object has no attribute 'offset_'
